<?xml version="1.0" encoding="UTF-8"?>
<testng-results ignored="0" total="1" passed="1" failed="0" skipped="0">
  <reporter-output>
  </reporter-output>
  <suite started-at="2026-01-29T23:46:39 IST" name="Default suite" finished-at="2026-01-29T23:46:46 IST" duration-ms="7488">
    <groups>
    </groups>
    <test started-at="2026-01-29T23:46:39 IST" name="Default test" finished-at="2026-01-29T23:46:46 IST" duration-ms="7488">
      <class name="restAssured.TokenValidation">
        <test-method signature="token()[pri:0, instance:restAssured.TokenValidation@662ac478]" started-at="2026-01-29T23:46:39 IST" name="token" finished-at="2026-01-29T23:46:46 IST" duration-ms="7390" status="PASS">
          <reporter-output>
          </reporter-output>
        </test-method> <!-- token -->
      </class> <!-- restAssured.TokenValidation -->
    </test> <!-- Default test -->
  </suite> <!-- Default suite -->
</testng-results>
